<?xml version="1.0" encoding="UTF-8"?>
<testng-results ignored="0" total="1" passed="1" failed="0" skipped="0">
  <reporter-output>
  </reporter-output>
  <suite started-at="2022-09-22T11:17:27 IST" name="Default suite" finished-at="2022-09-22T11:17:33 IST" duration-ms="6340">
    <groups>
    </groups>
    <test started-at="2022-09-22T11:17:27 IST" name="Default test" finished-at="2022-09-22T11:17:33 IST" duration-ms="6340">
      <class name="uploadImage.UploadImageAPI">
        <test-method signature="uploadImage()[pri:0, instance:uploadImage.UploadImageAPI@5fd4f8f5]" started-at="2022-09-22T11:17:27 IST" name="uploadImage" finished-at="2022-09-22T11:17:33 IST" duration-ms="6286" status="PASS">
          <reporter-output>
          </reporter-output>
        </test-method> <!-- uploadImage -->
      </class> <!-- uploadImage.UploadImageAPI -->
    </test> <!-- Default test -->
  </suite> <!-- Default suite -->
</testng-results>
